2024-03-28 00:16:28: Connected with result code 0
2024-03-28 00:21:05: hass/ethanpc b'{"cmd": "csgo"}'
2024-03-28 00:21:05: Starting CS:GO...
2024-03-28 00:21:45: hass/ethanpc b'{"cmd": "csgo"}'
2024-03-28 00:21:45: Starting CS:GO...
2024-03-28 00:21:51: hass/ethanpc b'{"cmd": "csgo"}'
2024-03-28 00:21:51: Starting CS:GO...
2024-03-28 00:22:11: hass/ethanpc b'{"cmd": "csgo"}'
2024-03-28 00:22:11: Starting CS:GO...
2024-03-28 00:22:24: hass/ethanpc b'{"cmd": "csgo"}'
2024-03-28 00:22:24: Starting CS:GO...
2024-03-28 00:28:31: Connected with result code 0
2024-03-28 00:29:06: hass/ethanpc b'{"cmd": "csgo"}'
2024-03-28 00:29:06: Starting CS:GO...
2024-03-28 00:30:29: Connected with result code 0
2024-03-28 00:30:51: hass/ethanpc b'{"cmd": "csgo"}'
2024-03-28 00:30:51: Starting CS:GO...
2024-03-28 00:31:36: Connected with result code 0
2024-03-28 00:31:42: hass/ethanpc b'{"cmd": "csgo"}'
2024-03-28 00:31:42: Starting CS:GO...
2024-03-28 00:32:04: Connected with result code 0
2024-03-28 00:32:12: hass/ethanpc b'{"cmd": "csgo"}'
2024-03-28 00:32:12: Starting CS:GO...
2024-03-28 00:32:30: hass/ethanpc b'{"cmd": "csgo"}'
2024-03-28 00:32:30: Starting CS:GO...
2024-03-28 00:34:26: Connected with result code 0
2024-03-28 00:34:29: hass/ethanpc b'{"cmd": "csgo"}'
2024-03-28 00:34:29: Starting CS:GO...
2024-03-28 00:34:44: hass/ethanpc b'{"cmd": "csgo"}'
2024-03-28 00:34:44: Starting CS:GO...
2024-03-28 00:35:30: Connected with result code 0
2024-03-28 00:35:32: hass/ethanpc b'{"cmd": "csgo"}'
2024-03-28 00:35:32: Starting CS:GO...
2024-03-28 00:37:32: Connected with result code 0
2024-03-28 00:37:35: hass/ethanpc b'{"cmd": "csgo"}'
2024-03-28 00:37:35: Starting CS:GO...
2024-03-28 00:37:46: hass/ethanpc b'{"cmd": "csgo"}'
2024-03-28 00:37:46: Starting CS:GO...
2024-03-28 00:41:00: Connected with result code 0
2024-03-28 00:41:05: hass/ethanpc b'{"cmd": "csgo"}'
2024-03-28 00:41:06: Starting CS:GO...
2024-03-28 00:41:22: hass/ethanpc b'{"cmd": "csgo"}'
2024-03-28 00:41:22: Starting CS:GO...
2024-03-28 00:44:31: Connected with result code 0
2024-03-28 00:44:36: hass/ethanpc b'{"cmd": "csgo"}'
2024-03-28 00:44:36: Starting CS:GO...
2024-03-28 00:44:49: hass/ethanpc b'{"cmd": "csgo"}'
2024-03-28 00:44:49: Starting CS:GO...
2024-03-28 00:47:39: hass/ethanpc b'{"cmd": "csgo"}'
2024-03-28 00:47:39: Starting CS:GO...
2024-03-28 00:47:58: hass/ethanpc b'{"cmd": "apex"}'
2024-03-28 00:47:58: Starting Apex Legends...
2024-03-28 01:03:33: Connected with result code 0
2024-03-28 01:03:38: hass/ethanpc b'{"cmd": "csgo"}'
2024-03-28 01:03:38: Starting CS:GO...
2024-03-28 17:10:47: Connected with result code 0
2024-03-28 20:34:35: Connected with result code 0
2024-03-28 20:35:28: hass/ethanpc b'{"cmd": "apex"}'
2024-03-28 20:35:28: Starting Apex Legends...
2024-03-28 20:44:42: Connected with result code 0
2024-03-28 21:17:50: Connected with result code 0
2024-03-28 21:19:52: Connected with result code 0
2024-03-28 22:42:30: Connected with result code 0
2024-03-28 22:42:58: Connected with result code 0
2024-03-28 22:43:04: Connected with result code 0
2024-03-29 00:01:55: Connected with result code 0
2024-03-29 00:13:21: Connected with result code 0
2024-03-29 00:14:12: hass/ethanpc b'{"cmd": "csgo"}'
2024-03-29 00:14:12: Starting CS:GO...
2024-03-29 15:32:28: Connected with result code 0
2024-03-29 16:44:44: Connected with result code 0
2024-03-29 17:50:10: Connected with result code 0
2024-03-29 19:39:12: Connected with result code 0
2024-03-29 19:40:51: hass/ethanpc b'{"cmd": "csgo"}'
2024-03-29 19:40:51: Starting CS:GO...
2024-03-29 19:42:19: Connected with result code 0
2024-03-29 22:29:17: Connected with result code 0
2024-03-29 22:42:08: Connected with result code 0
2024-03-29 23:22:19: Connected with result code 0
2024-03-29 23:34:29: Connected with result code 0
2024-03-30 00:43:33: Connected with result code 0
2024-03-30 16:11:51: Connected with result code 0
2024-03-30 16:15:59: Connected with result code 0
2024-03-30 16:24:05: Connected with result code 0
2024-03-30 16:48:23: Connected with result code 0
2024-03-30 16:49:56: Connected with result code 0
2024-03-30 16:54:26: Connected with result code 0
2024-03-30 16:59:04: Connected with result code 0
2024-03-30 17:50:55: Connected with result code 0
2024-03-30 17:54:19: Connected with result code 0
2024-03-30 18:11:23: Connected with result code 0
2024-03-30 18:15:55: Connected with result code 0
2024-03-31 02:26:07: Connected with result code 0
2024-03-31 13:36:38: Connected with result code 0
2024-04-01 16:25:15: Connected with result code 0
2024-04-02 09:20:30: Connected with result code 0
2024-04-02 15:20:18: Connected with result code 0
2024-04-02 16:51:29: Connected with result code 0
2024-04-02 23:32:08: Connected with result code 0
2024-04-03 00:00:07: Connected with result code 0
2024-04-03 00:02:09: Connected with result code 0
2024-04-03 19:36:37: Connected with result code 0
2024-04-04 09:00:10: Connected with result code 0
2024-04-04 12:24:14: Connected with result code 0
2024-04-04 13:59:27: Connected with result code 0
2024-04-04 19:03:54: Connected with result code 0
2024-04-04 23:21:21: Connected with result code 0
2024-04-05 10:51:09: Connected with result code 0
2024-04-05 13:57:40: Connected with result code 0
2024-04-05 23:32:05: Connected with result code 0
2024-04-06 11:40:56: Connected with result code 0
2024-04-06 19:33:29: Connected with result code 0
2024-04-07 16:02:11: Connected with result code 0
2024-04-07 20:47:24: Connected with result code 0
2024-04-07 21:19:01: Connected with result code 0
2024-04-07 21:27:33: Connected with result code 0
2024-04-07 23:56:04: hass/ethanpc b'{"cmd": "csgo"}'
2024-04-07 23:56:04: Starting CS:GO...
2024-04-08 21:20:30: Connected with result code 0
2024-04-09 14:48:42: Connected with result code 0
2024-04-09 16:20:46: Connected with result code 0
2024-04-09 16:45:24: Connected with result code 0
2024-04-09 16:53:11: Connected with result code 0
2024-04-09 16:54:55: Connected with result code 0
2024-04-09 17:15:10: Connected with result code 0
2024-04-09 17:18:57: Connected with result code 0
2024-04-09 17:31:29: Connected with result code 0
2024-04-09 17:34:49: Connected with result code 0
2024-04-09 17:39:45: Connected with result code 0
2024-04-09 17:46:36: Connected with result code 0
2024-04-09 17:56:12: Connected with result code 0
2024-04-09 17:58:35: Connected with result code 0
2024-04-09 19:01:25: Connected with result code 0
2024-04-10 00:00:05: Connected with result code 0
2024-04-10 00:02:07: Connected with result code 0
2024-04-10 02:26:10: Connected with result code 0
2024-04-10 02:53:24: Connected with result code 0
2024-04-10 12:35:43: Connected with result code 0
2024-04-10 12:39:55: Connected with result code 0
2024-04-10 20:36:38: Connected with result code 0
2024-04-10 20:53:07: Connected with result code 0
2024-04-10 21:52:28: Connected with result code 0
2024-04-10 22:38:15: Connected with result code 0
2024-04-10 22:40:17: Connected with result code 0
2024-04-11 00:09:28: Connected with result code 0
2024-04-11 00:09:38: Connected with result code 0
2024-04-11 00:09:44: Connected with result code 0
2024-04-11 00:10:12: Connected with result code 0
2024-04-11 01:54:26: Connected with result code 0
2024-04-11 02:07:16: Connected with result code 0
2024-04-11 09:41:46: Connected with result code 0
2024-04-11 12:46:25: Connected with result code 0
2024-04-11 15:51:39: Connected with result code 0
2024-04-11 21:03:18: Connected with result code 0
2024-04-12 02:57:31: Connected with result code 0
2024-04-12 19:07:12: Connected with result code 0
2024-04-13 21:09:21: Connected with result code 0
2024-04-17 22:33:44: Connected with result code 0
2024-04-18 20:34:48: Connected with result code 0
2024-04-18 21:26:58: Connected with result code 0
2024-04-20 00:01:08: Connected with result code 0
2024-04-20 08:10:50: Connected with result code 0
2024-04-20 11:52:15: Connected with result code 0
2024-04-20 12:57:20: Connected with result code 0
2024-04-20 12:59:22: Connected with result code 0
2024-04-20 13:11:45: Connected with result code 0
2024-04-20 13:19:32: Connected with result code 0
2024-04-20 13:30:08: Connected with result code 0
2024-04-20 13:44:27: Connected with result code 0
2024-04-20 14:16:14: Connected with result code 0
2024-04-20 17:20:39: Connected with result code 0
2024-04-20 18:30:47: Connected with result code 0
2024-04-20 18:32:49: Connected with result code 0
2024-04-21 12:00:58: Connected with result code 0
2024-04-21 19:12:04: Connected with result code 0
2024-04-21 22:45:32: Connected with result code 0
2024-04-22 20:34:05: Connected with result code 0
2024-04-23 12:34:24: Connected with result code 0
2024-04-23 21:19:43: Connected with result code 0
2024-04-23 22:04:47: Connected with result code 0
2024-04-24 00:00:14: Connected with result code 0
2024-04-24 00:02:16: Connected with result code 0
2024-04-24 11:05:18: Connected with result code 0
2024-04-24 21:00:39: Connected with result code 0
2024-04-25 20:42:46: Connected with result code 0
2024-04-27 14:59:35: Connected with result code 0
2024-04-27 15:19:43: Connected with result code 0
2024-04-27 21:45:47: Connected with result code 0
2024-04-28 00:01:56: Connected with result code 0
2024-04-30 22:29:40: Connected with result code 0
2024-05-01 00:00:04: Connected with result code 0
2024-05-01 00:02:05: Connected with result code 0
2024-05-01 12:23:41: Connected with result code 0
2024-05-01 23:45:17: Connected with result code 0
2024-05-02 03:08:17: Connected with result code 0
2024-05-02 04:31:55: Connected with result code 0
2024-05-02 10:04:40: Connected with result code 0
2024-05-02 12:05:13: Connected with result code 0
2024-05-02 19:24:43: Connected with result code 0
2024-05-03 02:44:13: Connected with result code 0
2024-05-03 10:40:26: Connected with result code 0
2024-05-03 12:46:53: Connected with result code 0
2024-05-03 13:01:02: Connected with result code 0
2024-05-04 03:08:42: Connected with result code 0
2024-05-04 13:16:26: Connected with result code 0
2024-05-04 16:52:10: Connected with result code 0
2024-05-05 09:47:34: Connected with result code 0
2024-05-06 21:51:29: Connected with result code 0
2024-05-07 21:01:52: Connected with result code 0
2024-05-08 00:00:05: Connected with result code 0
2024-05-08 00:02:07: Connected with result code 0
2024-05-08 00:14:33: Connected with result code 0
2024-05-14 12:13:17: Connected with result code 0
2024-05-14 20:02:52: Connected with result code 0
2024-05-14 23:25:32: Connected with result code 0
2024-05-15 00:00:09: Connected with result code 0
2024-05-15 00:02:11: Connected with result code 0
2024-05-15 12:35:28: Connected with result code 0
2024-05-15 18:00:10: Connected with result code 0
2024-05-15 23:11:49: Connected with result code 0
2024-05-16 03:09:33: Connected with result code 0
2024-05-16 05:49:28: Connected with result code 0
2024-05-16 13:56:08: Connected with result code 0
2024-05-16 16:59:28: Connected with result code 0
2024-05-16 20:54:31: Connected with result code 0
2024-05-16 23:04:04: Connected with result code 0
2024-05-16 23:10:36: Connected with result code 0
2024-05-16 23:25:26: Connected with result code 0
2024-05-16 23:30:52: Connected with result code 0
2024-05-16 23:32:56: Connected with result code 0
2024-05-16 23:37:23: Connected with result code 0
2024-05-17 12:24:27: Connected with result code 0
2024-05-17 19:27:26: Connected with result code 0
2024-05-17 22:17:28: Connected with result code 0
2024-05-17 23:36:26: Connected with result code 0
2024-05-17 23:38:28: Connected with result code 0
2024-05-17 23:42:18: Connected with result code 0
2024-05-18 11:48:04: Connected with result code 0
2024-05-18 18:49:53: Connected with result code 0
2024-05-18 22:54:17: Connected with result code 0
2024-05-19 01:22:55: Connected with result code 0
2024-05-19 01:24:57: Connected with result code 0
2024-05-19 09:30:46: Connected with result code 0
2024-05-19 14:27:44: Connected with result code 0
2024-05-19 14:29:46: Connected with result code 0
2024-05-19 14:33:54: Connected with result code 0
2024-05-21 14:25:04: Connected with result code 0
2024-05-22 00:00:06: Connected with result code 0
2024-05-22 00:02:08: Connected with result code 0
2024-05-22 14:10:26: Connected with result code 0
2024-05-22 20:23:46: Connected with result code 0
2024-05-23 19:40:25: Connected with result code 0
2024-05-24 12:19:49: Connected with result code 0
2024-05-24 19:32:39: Connected with result code 0
2024-05-24 22:44:15: Connected with result code 0
2024-05-25 10:14:24: Connected with result code 0
